2016-11-30 16:31:38,018 - Velocimacro : adding VMs from VM library template : VM_global_library.vm
2016-11-30 16:31:38,049 - ResourceManager : unable to find resource 'VM_global_library.vm' in any resource loader.
2016-11-30 16:31:38,049 - Velocimacro : error using  VM library template VM_global_library.vm : org.apache.velocity.exception.ResourceNotFoundException: Unable to find resource 'VM_global_library.vm'
2016-11-30 16:31:38,049 - Velocimacro :  VM library template macro registration complete.
2016-11-30 16:31:38,049 - Velocimacro : allowInline = true : VMs can be defined inline in templates
2016-11-30 16:31:38,049 - Velocimacro : allowInlineToOverride = false : VMs defined inline may NOT replace previous VM definitions
2016-11-30 16:31:38,051 - Velocimacro : allowInlineLocal = false : VMs defined inline will be  global in scope if allowed.
2016-11-30 16:31:38,051 - Velocimacro : messages on  : VM system will output logging messages
2016-11-30 16:31:38,051 - Velocimacro : autoload off  : VM system will not automatically reload global library macros
2016-11-30 16:31:38,051 - Velocimacro : initialization complete.
2016-11-30 16:31:38,051 - Velocity successfully started.
2016-11-30 16:32:08,294 - SimpleLog4JLogSystem initialized using logfile 'velocity.log'
2016-11-30 16:32:08,295 - ************************************************************** 
2016-11-30 16:32:08,295 - Starting Jakarta Velocity v1.4
2016-11-30 16:32:08,295 - RuntimeInstance initializing.
2016-11-30 16:32:08,295 - Default Properties File: org\apache\velocity\runtime\defaults\velocity.properties
2016-11-30 16:32:08,295 - Trying to use logger class org.apache.velocity.runtime.log.SimpleLog4JLogSystem
2016-11-30 16:32:08,295 - Using logger class org.apache.velocity.runtime.log.SimpleLog4JLogSystem
2016-11-30 16:32:08,305 - Default ResourceManager initializing. (class org.apache.velocity.runtime.resource.ResourceManagerImpl)
2016-11-30 16:32:08,314 - Resource Loader Instantiated: org.apache.velocity.runtime.resource.loader.ClasspathResourceLoader
2016-11-30 16:32:08,314 - ClasspathResourceLoader : initialization starting.
2016-11-30 16:32:08,314 - ClasspathResourceLoader : initialization complete.
2016-11-30 16:32:08,320 - ResourceCache : initialized. (class org.apache.velocity.runtime.resource.ResourceCacheImpl)
2016-11-30 16:32:08,320 - Default ResourceManager initialization complete.
2016-11-30 16:32:08,332 - Loaded System Directive: org.apache.velocity.runtime.directive.Literal
2016-11-30 16:32:08,338 - Loaded System Directive: org.apache.velocity.runtime.directive.Macro
2016-11-30 16:32:08,347 - Loaded System Directive: org.apache.velocity.runtime.directive.Parse
2016-11-30 16:32:08,352 - Loaded System Directive: org.apache.velocity.runtime.directive.Include
2016-11-30 16:32:08,355 - Loaded System Directive: org.apache.velocity.runtime.directive.Foreach
2016-11-30 16:32:08,423 - Created: 20 parsers.
2016-11-30 16:32:08,446 - Velocimacro : initialization starting.
2016-11-30 16:32:08,446 - Velocimacro : adding VMs from VM library template : VM_global_library.vm
2016-11-30 16:32:08,469 - ResourceManager : unable to find resource 'VM_global_library.vm' in any resource loader.
2016-11-30 16:32:08,469 - Velocimacro : error using  VM library template VM_global_library.vm : org.apache.velocity.exception.ResourceNotFoundException: Unable to find resource 'VM_global_library.vm'
2016-11-30 16:32:08,469 - Velocimacro :  VM library template macro registration complete.
2016-11-30 16:32:08,470 - Velocimacro : allowInline = true : VMs can be defined inline in templates
2016-11-30 16:32:08,470 - Velocimacro : allowInlineToOverride = false : VMs defined inline may NOT replace previous VM definitions
2016-11-30 16:32:08,470 - Velocimacro : allowInlineLocal = false : VMs defined inline will be  global in scope if allowed.
2016-11-30 16:32:08,470 - Velocimacro : messages on  : VM system will output logging messages
2016-11-30 16:32:08,470 - Velocimacro : autoload off  : VM system will not automatically reload global library macros
2016-11-30 16:32:08,470 - Velocimacro : initialization complete.
2016-11-30 16:32:08,470 - Velocity successfully started.
2016-11-30 16:34:35,782 - SimpleLog4JLogSystem initialized using logfile 'velocity.log'
2016-11-30 16:34:35,783 - ************************************************************** 
2016-11-30 16:34:35,783 - Starting Jakarta Velocity v1.4
2016-11-30 16:34:35,783 - RuntimeInstance initializing.
2016-11-30 16:34:35,783 - Default Properties File: org\apache\velocity\runtime\defaults\velocity.properties
2016-11-30 16:34:35,783 - Trying to use logger class org.apache.velocity.runtime.log.SimpleLog4JLogSystem
2016-11-30 16:34:35,783 - Using logger class org.apache.velocity.runtime.log.SimpleLog4JLogSystem
2016-11-30 16:34:35,793 - Default ResourceManager initializing. (class org.apache.velocity.runtime.resource.ResourceManagerImpl)
2016-11-30 16:34:35,800 - Resource Loader Instantiated: org.apache.velocity.runtime.resource.loader.ClasspathResourceLoader
2016-11-30 16:34:35,801 - ClasspathResourceLoader : initialization starting.
2016-11-30 16:34:35,801 - ClasspathResourceLoader : initialization complete.
2016-11-30 16:34:35,807 - ResourceCache : initialized. (class org.apache.velocity.runtime.resource.ResourceCacheImpl)
2016-11-30 16:34:35,807 - Default ResourceManager initialization complete.
2016-11-30 16:34:35,821 - Loaded System Directive: org.apache.velocity.runtime.directive.Literal
2016-11-30 16:34:35,828 - Loaded System Directive: org.apache.velocity.runtime.directive.Macro
2016-11-30 16:34:35,837 - Loaded System Directive: org.apache.velocity.runtime.directive.Parse
2016-11-30 16:34:35,844 - Loaded System Directive: org.apache.velocity.runtime.directive.Include
2016-11-30 16:34:35,847 - Loaded System Directive: org.apache.velocity.runtime.directive.Foreach
2016-11-30 16:34:35,898 - Created: 20 parsers.
2016-11-30 16:34:35,919 - Velocimacro : initialization starting.
2016-11-30 16:34:35,919 - Velocimacro : adding VMs from VM library template : VM_global_library.vm
2016-11-30 16:34:35,943 - ResourceManager : unable to find resource 'VM_global_library.vm' in any resource loader.
2016-11-30 16:34:35,943 - Velocimacro : error using  VM library template VM_global_library.vm : org.apache.velocity.exception.ResourceNotFoundException: Unable to find resource 'VM_global_library.vm'
2016-11-30 16:34:35,943 - Velocimacro :  VM library template macro registration complete.
2016-11-30 16:34:35,943 - Velocimacro : allowInline = true : VMs can be defined inline in templates
2016-11-30 16:34:35,943 - Velocimacro : allowInlineToOverride = false : VMs defined inline may NOT replace previous VM definitions
2016-11-30 16:34:35,943 - Velocimacro : allowInlineLocal = false : VMs defined inline will be  global in scope if allowed.
2016-11-30 16:34:35,943 - Velocimacro : messages on  : VM system will output logging messages
2016-11-30 16:34:35,943 - Velocimacro : autoload off  : VM system will not automatically reload global library macros
2016-11-30 16:34:35,943 - Velocimacro : initialization complete.
2016-11-30 16:34:35,944 - Velocity successfully started.
2016-11-30 16:38:23,309 - SimpleLog4JLogSystem initialized using logfile 'velocity.log'
2016-11-30 16:38:23,310 - ************************************************************** 
2016-11-30 16:38:23,310 - Starting Jakarta Velocity v1.4
2016-11-30 16:38:23,310 - RuntimeInstance initializing.
2016-11-30 16:38:23,310 - Default Properties File: org\apache\velocity\runtime\defaults\velocity.properties
2016-11-30 16:38:23,310 - Trying to use logger class org.apache.velocity.runtime.log.SimpleLog4JLogSystem
2016-11-30 16:38:23,311 - Using logger class org.apache.velocity.runtime.log.SimpleLog4JLogSystem
2016-11-30 16:38:23,322 - Default ResourceManager initializing. (class org.apache.velocity.runtime.resource.ResourceManagerImpl)
2016-11-30 16:38:23,331 - Resource Loader Instantiated: org.apache.velocity.runtime.resource.loader.ClasspathResourceLoader
2016-11-30 16:38:23,331 - ClasspathResourceLoader : initialization starting.
2016-11-30 16:38:23,331 - ClasspathResourceLoader : initialization complete.
2016-11-30 16:38:23,335 - ResourceCache : initialized. (class org.apache.velocity.runtime.resource.ResourceCacheImpl)
2016-11-30 16:38:23,335 - Default ResourceManager initialization complete.
2016-11-30 16:38:23,349 - Loaded System Directive: org.apache.velocity.runtime.directive.Literal
2016-11-30 16:38:23,355 - Loaded System Directive: org.apache.velocity.runtime.directive.Macro
2016-11-30 16:38:23,364 - Loaded System Directive: org.apache.velocity.runtime.directive.Parse
2016-11-30 16:38:23,368 - Loaded System Directive: org.apache.velocity.runtime.directive.Include
2016-11-30 16:38:23,370 - Loaded System Directive: org.apache.velocity.runtime.directive.Foreach
2016-11-30 16:38:23,426 - Created: 20 parsers.
2016-11-30 16:38:23,444 - Velocimacro : initialization starting.
2016-11-30 16:38:23,444 - Velocimacro : adding VMs from VM library template : VM_global_library.vm
2016-11-30 16:38:23,466 - ResourceManager : unable to find resource 'VM_global_library.vm' in any resource loader.
2016-11-30 16:38:23,466 - Velocimacro : error using  VM library template VM_global_library.vm : org.apache.velocity.exception.ResourceNotFoundException: Unable to find resource 'VM_global_library.vm'
2016-11-30 16:38:23,466 - Velocimacro :  VM library template macro registration complete.
2016-11-30 16:38:23,466 - Velocimacro : allowInline = true : VMs can be defined inline in templates
2016-11-30 16:38:23,466 - Velocimacro : allowInlineToOverride = false : VMs defined inline may NOT replace previous VM definitions
2016-11-30 16:38:23,466 - Velocimacro : allowInlineLocal = false : VMs defined inline will be  global in scope if allowed.
2016-11-30 16:38:23,466 - Velocimacro : messages on  : VM system will output logging messages
2016-11-30 16:38:23,466 - Velocimacro : autoload off  : VM system will not automatically reload global library macros
2016-11-30 16:38:23,466 - Velocimacro : initialization complete.
2016-11-30 16:38:23,466 - Velocity successfully started.
2016-11-30 16:46:52,806 - SimpleLog4JLogSystem initialized using logfile 'velocity.log'
2016-11-30 16:46:52,807 - ************************************************************** 
2016-11-30 16:46:52,807 - Starting Jakarta Velocity v1.4
2016-11-30 16:46:52,807 - RuntimeInstance initializing.
2016-11-30 16:46:52,807 - Default Properties File: org\apache\velocity\runtime\defaults\velocity.properties
2016-11-30 16:46:52,807 - Trying to use logger class org.apache.velocity.runtime.log.SimpleLog4JLogSystem
2016-11-30 16:46:52,807 - Using logger class org.apache.velocity.runtime.log.SimpleLog4JLogSystem
2016-11-30 16:46:52,816 - Default ResourceManager initializing. (class org.apache.velocity.runtime.resource.ResourceManagerImpl)
2016-11-30 16:46:52,826 - Resource Loader Instantiated: org.apache.velocity.runtime.resource.loader.ClasspathResourceLoader
2016-11-30 16:46:52,826 - ClasspathResourceLoader : initialization starting.
2016-11-30 16:46:52,826 - ClasspathResourceLoader : initialization complete.
2016-11-30 16:46:52,833 - ResourceCache : initialized. (class org.apache.velocity.runtime.resource.ResourceCacheImpl)
2016-11-30 16:46:52,833 - Default ResourceManager initialization complete.
2016-11-30 16:46:52,846 - Loaded System Directive: org.apache.velocity.runtime.directive.Literal
2016-11-30 16:46:52,851 - Loaded System Directive: org.apache.velocity.runtime.directive.Macro
2016-11-30 16:46:52,858 - Loaded System Directive: org.apache.velocity.runtime.directive.Parse
2016-11-30 16:46:52,864 - Loaded System Directive: org.apache.velocity.runtime.directive.Include
2016-11-30 16:46:52,868 - Loaded System Directive: org.apache.velocity.runtime.directive.Foreach
2016-11-30 16:46:52,923 - Created: 20 parsers.
2016-11-30 16:46:52,947 - Velocimacro : initialization starting.
2016-11-30 16:46:52,947 - Velocimacro : adding VMs from VM library template : VM_global_library.vm
2016-11-30 16:46:52,975 - ResourceManager : unable to find resource 'VM_global_library.vm' in any resource loader.
2016-11-30 16:46:52,976 - Velocimacro : error using  VM library template VM_global_library.vm : org.apache.velocity.exception.ResourceNotFoundException: Unable to find resource 'VM_global_library.vm'
2016-11-30 16:46:52,976 - Velocimacro :  VM library template macro registration complete.
2016-11-30 16:46:52,976 - Velocimacro : allowInline = true : VMs can be defined inline in templates
2016-11-30 16:46:52,976 - Velocimacro : allowInlineToOverride = false : VMs defined inline may NOT replace previous VM definitions
2016-11-30 16:46:52,976 - Velocimacro : allowInlineLocal = false : VMs defined inline will be  global in scope if allowed.
2016-11-30 16:46:52,976 - Velocimacro : messages on  : VM system will output logging messages
2016-11-30 16:46:52,976 - Velocimacro : autoload off  : VM system will not automatically reload global library macros
2016-11-30 16:46:52,976 - Velocimacro : initialization complete.
2016-11-30 16:46:52,976 - Velocity successfully started.
2016-11-30 16:49:26,602 - SimpleLog4JLogSystem initialized using logfile 'velocity.log'
2016-11-30 16:49:26,603 - ************************************************************** 
2016-11-30 16:49:26,603 - Starting Jakarta Velocity v1.4
2016-11-30 16:49:26,603 - RuntimeInstance initializing.
2016-11-30 16:49:26,603 - Default Properties File: org\apache\velocity\runtime\defaults\velocity.properties
2016-11-30 16:49:26,603 - Trying to use logger class org.apache.velocity.runtime.log.SimpleLog4JLogSystem
2016-11-30 16:49:26,603 - Using logger class org.apache.velocity.runtime.log.SimpleLog4JLogSystem
2016-11-30 16:49:26,612 - Default ResourceManager initializing. (class org.apache.velocity.runtime.resource.ResourceManagerImpl)
2016-11-30 16:49:26,621 - Resource Loader Instantiated: org.apache.velocity.runtime.resource.loader.ClasspathResourceLoader
2016-11-30 16:49:26,621 - ClasspathResourceLoader : initialization starting.
2016-11-30 16:49:26,621 - ClasspathResourceLoader : initialization complete.
2016-11-30 16:49:26,627 - ResourceCache : initialized. (class org.apache.velocity.runtime.resource.ResourceCacheImpl)
2016-11-30 16:49:26,627 - Default ResourceManager initialization complete.
2016-11-30 16:49:26,639 - Loaded System Directive: org.apache.velocity.runtime.directive.Literal
2016-11-30 16:49:26,645 - Loaded System Directive: org.apache.velocity.runtime.directive.Macro
2016-11-30 16:49:26,653 - Loaded System Directive: org.apache.velocity.runtime.directive.Parse
2016-11-30 16:49:26,660 - Loaded System Directive: org.apache.velocity.runtime.directive.Include
2016-11-30 16:49:26,663 - Loaded System Directive: org.apache.velocity.runtime.directive.Foreach
2016-11-30 16:49:26,709 - Created: 20 parsers.
2016-11-30 16:49:26,732 - Velocimacro : initialization starting.
2016-11-30 16:49:26,732 - Velocimacro : adding VMs from VM library template : VM_global_library.vm
2016-11-30 16:49:26,750 - ResourceManager : unable to find resource 'VM_global_library.vm' in any resource loader.
2016-11-30 16:49:26,751 - Velocimacro : error using  VM library template VM_global_library.vm : org.apache.velocity.exception.ResourceNotFoundException: Unable to find resource 'VM_global_library.vm'
2016-11-30 16:49:26,751 - Velocimacro :  VM library template macro registration complete.
2016-11-30 16:49:26,751 - Velocimacro : allowInline = true : VMs can be defined inline in templates
2016-11-30 16:49:26,751 - Velocimacro : allowInlineToOverride = false : VMs defined inline may NOT replace previous VM definitions
2016-11-30 16:49:26,751 - Velocimacro : allowInlineLocal = false : VMs defined inline will be  global in scope if allowed.
2016-11-30 16:49:26,751 - Velocimacro : messages on  : VM system will output logging messages
2016-11-30 16:49:26,751 - Velocimacro : autoload off  : VM system will not automatically reload global library macros
2016-11-30 16:49:26,751 - Velocimacro : initialization complete.
2016-11-30 16:49:26,751 - Velocity successfully started.
2016-11-30 16:50:06,960 - SimpleLog4JLogSystem initialized using logfile 'velocity.log'
2016-11-30 16:50:06,960 - ************************************************************** 
2016-11-30 16:50:06,960 - Starting Jakarta Velocity v1.4
2016-11-30 16:50:06,961 - RuntimeInstance initializing.
2016-11-30 16:50:06,961 - Default Properties File: org\apache\velocity\runtime\defaults\velocity.properties
2016-11-30 16:50:06,961 - Trying to use logger class org.apache.velocity.runtime.log.SimpleLog4JLogSystem
2016-11-30 16:50:06,961 - Using logger class org.apache.velocity.runtime.log.SimpleLog4JLogSystem
2016-11-30 16:50:06,971 - Default ResourceManager initializing. (class org.apache.velocity.runtime.resource.ResourceManagerImpl)
2016-11-30 16:50:06,980 - Resource Loader Instantiated: org.apache.velocity.runtime.resource.loader.ClasspathResourceLoader
2016-11-30 16:50:06,980 - ClasspathResourceLoader : initialization starting.
2016-11-30 16:50:06,980 - ClasspathResourceLoader : initialization complete.
2016-11-30 16:50:06,986 - ResourceCache : initialized. (class org.apache.velocity.runtime.resource.ResourceCacheImpl)
2016-11-30 16:50:06,986 - Default ResourceManager initialization complete.
2016-11-30 16:50:07,001 - Loaded System Directive: org.apache.velocity.runtime.directive.Literal
2016-11-30 16:50:07,007 - Loaded System Directive: org.apache.velocity.runtime.directive.Macro
2016-11-30 16:50:07,017 - Loaded System Directive: org.apache.velocity.runtime.directive.Parse
2016-11-30 16:50:07,021 - Loaded System Directive: org.apache.velocity.runtime.directive.Include
2016-11-30 16:50:07,024 - Loaded System Directive: org.apache.velocity.runtime.directive.Foreach
2016-11-30 16:50:07,082 - Created: 20 parsers.
2016-11-30 16:50:07,099 - Velocimacro : initialization starting.
2016-11-30 16:50:07,099 - Velocimacro : adding VMs from VM library template : VM_global_library.vm
2016-11-30 16:50:07,123 - ResourceManager : unable to find resource 'VM_global_library.vm' in any resource loader.
2016-11-30 16:50:07,123 - Velocimacro : error using  VM library template VM_global_library.vm : org.apache.velocity.exception.ResourceNotFoundException: Unable to find resource 'VM_global_library.vm'
2016-11-30 16:50:07,123 - Velocimacro :  VM library template macro registration complete.
2016-11-30 16:50:07,123 - Velocimacro : allowInline = true : VMs can be defined inline in templates
2016-11-30 16:50:07,123 - Velocimacro : allowInlineToOverride = false : VMs defined inline may NOT replace previous VM definitions
2016-11-30 16:50:07,123 - Velocimacro : allowInlineLocal = false : VMs defined inline will be  global in scope if allowed.
2016-11-30 16:50:07,123 - Velocimacro : messages on  : VM system will output logging messages
2016-11-30 16:50:07,123 - Velocimacro : autoload off  : VM system will not automatically reload global library macros
2016-11-30 16:50:07,123 - Velocimacro : initialization complete.
2016-11-30 16:50:07,123 - Velocity successfully started.
2016-11-30 16:51:00,796 - SimpleLog4JLogSystem initialized using logfile 'velocity.log'
2016-11-30 16:51:00,796 - ************************************************************** 
2016-11-30 16:51:00,796 - Starting Jakarta Velocity v1.4
2016-11-30 16:51:00,796 - RuntimeInstance initializing.
2016-11-30 16:51:00,796 - Default Properties File: org\apache\velocity\runtime\defaults\velocity.properties
2016-11-30 16:51:00,796 - Trying to use logger class org.apache.velocity.runtime.log.SimpleLog4JLogSystem
2016-11-30 16:51:00,797 - Using logger class org.apache.velocity.runtime.log.SimpleLog4JLogSystem
2016-11-30 16:51:00,807 - Default ResourceManager initializing. (class org.apache.velocity.runtime.resource.ResourceManagerImpl)
2016-11-30 16:51:00,818 - Resource Loader Instantiated: org.apache.velocity.runtime.resource.loader.ClasspathResourceLoader
2016-11-30 16:51:00,818 - ClasspathResourceLoader : initialization starting.
2016-11-30 16:51:00,818 - ClasspathResourceLoader : initialization complete.
2016-11-30 16:51:00,824 - ResourceCache : initialized. (class org.apache.velocity.runtime.resource.ResourceCacheImpl)
2016-11-30 16:51:00,824 - Default ResourceManager initialization complete.
2016-11-30 16:51:00,838 - Loaded System Directive: org.apache.velocity.runtime.directive.Literal
2016-11-30 16:51:00,844 - Loaded System Directive: org.apache.velocity.runtime.directive.Macro
2016-11-30 16:51:00,853 - Loaded System Directive: org.apache.velocity.runtime.directive.Parse
2016-11-30 16:51:00,859 - Loaded System Directive: org.apache.velocity.runtime.directive.Include
2016-11-30 16:51:00,862 - Loaded System Directive: org.apache.velocity.runtime.directive.Foreach
2016-11-30 16:51:00,913 - Created: 20 parsers.
2016-11-30 16:51:00,929 - Velocimacro : initialization starting.
2016-11-30 16:51:00,930 - Velocimacro : adding VMs from VM library template : VM_global_library.vm
2016-11-30 16:51:00,950 - ResourceManager : unable to find resource 'VM_global_library.vm' in any resource loader.
2016-11-30 16:51:00,950 - Velocimacro : error using  VM library template VM_global_library.vm : org.apache.velocity.exception.ResourceNotFoundException: Unable to find resource 'VM_global_library.vm'
2016-11-30 16:51:00,951 - Velocimacro :  VM library template macro registration complete.
2016-11-30 16:51:00,951 - Velocimacro : allowInline = true : VMs can be defined inline in templates
2016-11-30 16:51:00,951 - Velocimacro : allowInlineToOverride = false : VMs defined inline may NOT replace previous VM definitions
2016-11-30 16:51:00,951 - Velocimacro : allowInlineLocal = false : VMs defined inline will be  global in scope if allowed.
2016-11-30 16:51:00,951 - Velocimacro : messages on  : VM system will output logging messages
2016-11-30 16:51:00,951 - Velocimacro : autoload off  : VM system will not automatically reload global library macros
2016-11-30 16:51:00,951 - Velocimacro : initialization complete.
2016-11-30 16:51:00,951 - Velocity successfully started.
2016-11-30 16:52:16,680 - SimpleLog4JLogSystem initialized using logfile 'velocity.log'
2016-11-30 16:52:16,680 - ************************************************************** 
2016-11-30 16:52:16,680 - Starting Jakarta Velocity v1.4
2016-11-30 16:52:16,680 - RuntimeInstance initializing.
2016-11-30 16:52:16,680 - Default Properties File: org\apache\velocity\runtime\defaults\velocity.properties
2016-11-30 16:52:16,680 - Trying to use logger class org.apache.velocity.runtime.log.SimpleLog4JLogSystem
2016-11-30 16:52:16,680 - Using logger class org.apache.velocity.runtime.log.SimpleLog4JLogSystem
2016-11-30 16:52:16,689 - Default ResourceManager initializing. (class org.apache.velocity.runtime.resource.ResourceManagerImpl)
2016-11-30 16:52:16,697 - Resource Loader Instantiated: org.apache.velocity.runtime.resource.loader.ClasspathResourceLoader
2016-11-30 16:52:16,698 - ClasspathResourceLoader : initialization starting.
2016-11-30 16:52:16,698 - ClasspathResourceLoader : initialization complete.
2016-11-30 16:52:16,704 - ResourceCache : initialized. (class org.apache.velocity.runtime.resource.ResourceCacheImpl)
2016-11-30 16:52:16,704 - Default ResourceManager initialization complete.
2016-11-30 16:52:16,716 - Loaded System Directive: org.apache.velocity.runtime.directive.Literal
2016-11-30 16:52:16,722 - Loaded System Directive: org.apache.velocity.runtime.directive.Macro
2016-11-30 16:52:16,731 - Loaded System Directive: org.apache.velocity.runtime.directive.Parse
2016-11-30 16:52:16,737 - Loaded System Directive: org.apache.velocity.runtime.directive.Include
2016-11-30 16:52:16,740 - Loaded System Directive: org.apache.velocity.runtime.directive.Foreach
2016-11-30 16:52:16,791 - Created: 20 parsers.
2016-11-30 16:52:16,810 - Velocimacro : initialization starting.
2016-11-30 16:52:16,810 - Velocimacro : adding VMs from VM library template : VM_global_library.vm
2016-11-30 16:52:16,828 - ResourceManager : unable to find resource 'VM_global_library.vm' in any resource loader.
2016-11-30 16:52:16,828 - Velocimacro : error using  VM library template VM_global_library.vm : org.apache.velocity.exception.ResourceNotFoundException: Unable to find resource 'VM_global_library.vm'
2016-11-30 16:52:16,828 - Velocimacro :  VM library template macro registration complete.
2016-11-30 16:52:16,828 - Velocimacro : allowInline = true : VMs can be defined inline in templates
2016-11-30 16:52:16,828 - Velocimacro : allowInlineToOverride = false : VMs defined inline may NOT replace previous VM definitions
2016-11-30 16:52:16,828 - Velocimacro : allowInlineLocal = false : VMs defined inline will be  global in scope if allowed.
2016-11-30 16:52:16,828 - Velocimacro : messages on  : VM system will output logging messages
2016-11-30 16:52:16,828 - Velocimacro : autoload off  : VM system will not automatically reload global library macros
2016-11-30 16:52:16,829 - Velocimacro : initialization complete.
2016-11-30 16:52:16,829 - Velocity successfully started.
